\BOOKMARK [0][-]{chapter.1}{SAGEC Index des namespaces}{}
\BOOKMARK [1][-]{section.1.1}{SAGEC Liste des namespaces}{chapter.1}
\BOOKMARK [0][-]{chapter.2}{SAGEC Index hi\351rarchique}{}
\BOOKMARK [1][-]{section.2.1}{SAGEC Hi\351rarchie des classes}{chapter.2}
\BOOKMARK [0][-]{chapter.3}{SAGEC Index des classes}{}
\BOOKMARK [1][-]{section.3.1}{SAGEC Liste des classes}{chapter.3}
\BOOKMARK [0][-]{chapter.4}{SAGEC Index des fichiers}{}
\BOOKMARK [1][-]{section.4.1}{SAGEC Liste des fichiers}{chapter.4}
\BOOKMARK [0][-]{chapter.5}{SAGEC Documentation des namespaces}{}
\BOOKMARK [1][-]{section.5.1}{R\351f\351rence du namespace CDessin}{chapter.5}
\BOOKMARK [1][-]{section.5.2}{R\351f\351rence du namespace choix\137export\137table}{chapter.5}
\BOOKMARK [1][-]{section.5.3}{R\351f\351rence du namespace choix\137export\137table::php}{chapter.5}
\BOOKMARK [1][-]{section.5.4}{R\351f\351rence du namespace CStat}{chapter.5}
\BOOKMARK [1][-]{section.5.5}{R\351f\351rence du namespace gnuPG\137class}{chapter.5}
\BOOKMARK [1][-]{section.5.6}{R\351f\351rence du namespace Sagec67}{chapter.5}
\BOOKMARK [1][-]{section.5.7}{R\351f\351rence du namespace SAGEC67}{chapter.5}
\BOOKMARK [1][-]{section.5.8}{R\351f\351rence du namespace utilitaires\137MED}{chapter.5}
\BOOKMARK [1][-]{section.5.9}{R\351f\351rence du namespace utilitaires\137MED::php}{chapter.5}
\BOOKMARK [1][-]{section.5.10}{R\351f\351rence du namespace utilitairesHTML}{chapter.5}
\BOOKMARK [1][-]{section.5.11}{R\351f\351rence du namespace utilitairesHTML::php}{chapter.5}
\BOOKMARK [0][-]{chapter.6}{SAGEC Documentation des classes}{}
\BOOKMARK [1][-]{section.6.1}{R\351f\351rence de la classe CDessin}{chapter.6}
\BOOKMARK [1][-]{section.6.2}{R\351f\351rence de la classe CStat}{chapter.6}
\BOOKMARK [1][-]{section.6.3}{R\351f\351rence de la classe debora}{chapter.6}
\BOOKMARK [1][-]{section.6.4}{R\351f\351rence de la classe FPDF}{chapter.6}
\BOOKMARK [1][-]{section.6.5}{R\351f\351rence de la classe gnuPG}{chapter.6}
\BOOKMARK [1][-]{section.6.6}{R\351f\351rence de la classe IXR\137Base64}{chapter.6}
\BOOKMARK [1][-]{section.6.7}{R\351f\351rence de la classe IXR\137Client}{chapter.6}
\BOOKMARK [1][-]{section.6.8}{R\351f\351rence de la classe IXR\137ClientMulticall}{chapter.6}
\BOOKMARK [1][-]{section.6.9}{R\351f\351rence de la classe IXR\137Date}{chapter.6}
\BOOKMARK [1][-]{section.6.10}{R\351f\351rence de la classe IXR\137Error}{chapter.6}
\BOOKMARK [1][-]{section.6.11}{R\351f\351rence de la classe IXR\137IntrospectionServer}{chapter.6}
\BOOKMARK [1][-]{section.6.12}{R\351f\351rence de la classe IXR\137Message}{chapter.6}
\BOOKMARK [1][-]{section.6.13}{R\351f\351rence de la classe IXR\137Request}{chapter.6}
\BOOKMARK [1][-]{section.6.14}{R\351f\351rence de la classe IXR\137Server}{chapter.6}
\BOOKMARK [1][-]{section.6.15}{R\351f\351rence de la classe IXR\137Value}{chapter.6}
\BOOKMARK [1][-]{section.6.16}{R\351f\351rence de la classe Mail}{chapter.6}
\BOOKMARK [1][-]{section.6.17}{R\351f\351rence de la classe PDF}{chapter.6}
\BOOKMARK [1][-]{section.6.18}{R\351f\351rence de la classe polygone}{chapter.6}
\BOOKMARK [1][-]{section.6.19}{R\351f\351rence de la classe sagec\137ftp}{chapter.6}
\BOOKMARK [1][-]{section.6.20}{R\351f\351rence de la classe Stack}{chapter.6}
\BOOKMARK [0][-]{chapter.7}{SAGEC Documentation des fichiers}{}
\BOOKMARK [1][-]{section.7.1}{R\351f\351rence du fichier a.php}{chapter.7}
\BOOKMARK [1][-]{section.7.2}{R\351f\351rence du fichier acheteur\137enregistre.php}{chapter.7}
\BOOKMARK [1][-]{section.7.3}{R\351f\351rence du fichier acheteur\137nouveau.php}{chapter.7}
\BOOKMARK [1][-]{section.7.4}{R\351f\351rence du fichier administrateur\137connexions.php}{chapter.7}
\BOOKMARK [1][-]{section.7.5}{R\351f\351rence du fichier administrateur\137menu.php}{chapter.7}
\BOOKMARK [1][-]{section.7.6}{R\351f\351rence du fichier adresse\137ajout.php}{chapter.7}
\BOOKMARK [1][-]{section.7.7}{R\351f\351rence du fichier affiche\137produit.php}{chapter.7}
\BOOKMARK [1][-]{section.7.8}{R\351f\351rence du fichier affiche\137stock.php}{chapter.7}
\BOOKMARK [1][-]{section.7.9}{R\351f\351rence du fichier affiche\137stock.php}{chapter.7}
\BOOKMARK [1][-]{section.7.10}{R\351f\351rence du fichier ajoute\137f\137execute.php}{chapter.7}
\BOOKMARK [1][-]{section.7.11}{R\351f\351rence du fichier ajoute\137fichier.php}{chapter.7}
\BOOKMARK [1][-]{section.7.12}{R\351f\351rence du fichier allemagne.php}{chapter.7}
\BOOKMARK [1][-]{section.7.13}{R\351f\351rence du fichier apa.php}{chapter.7}
\BOOKMARK [1][-]{section.7.14}{R\351f\351rence du fichier apa\137commune.php}{chapter.7}
\BOOKMARK [1][-]{section.7.15}{R\351f\351rence du fichier apa\137delete.php}{chapter.7}
\BOOKMARK [1][-]{section.7.16}{R\351f\351rence du fichier apa\137doc.php}{chapter.7}
\BOOKMARK [1][-]{section.7.17}{R\351f\351rence du fichier apa\137entete.php}{chapter.7}
\BOOKMARK [1][-]{section.7.18}{R\351f\351rence du fichier apa\137info.php}{chapter.7}
\BOOKMARK [1][-]{section.7.19}{R\351f\351rence du fichier apa\137login.php}{chapter.7}
\BOOKMARK [1][-]{section.7.20}{R\351f\351rence du fichier apa\137maj.php}{chapter.7}
\BOOKMARK [1][-]{section.7.21}{R\351f\351rence du fichier apa\137menu.php}{chapter.7}
\BOOKMARK [1][-]{section.7.22}{R\351f\351rence du fichier apa\137saisie\137planning.php}{chapter.7}
\BOOKMARK [1][-]{section.7.23}{R\351f\351rence du fichier apa\137supprime.php}{chapter.7}
\BOOKMARK [1][-]{section.7.24}{R\351f\351rence du fichier apa\137territoire.php}{chapter.7}
\BOOKMARK [1][-]{section.7.25}{R\351f\351rence du fichier apa\137territoire\137enregistre.php}{chapter.7}
\BOOKMARK [1][-]{section.7.26}{R\351f\351rence du fichier apa\137zone.php}{chapter.7}
\BOOKMARK [1][-]{section.7.27}{R\351f\351rence du fichier archive\137create.php}{chapter.7}
\BOOKMARK [1][-]{section.7.28}{R\351f\351rence du fichier arh\137data\137samu.php}{chapter.7}
\BOOKMARK [1][-]{section.7.29}{R\351f\351rence du fichier arh\137frameset.php}{chapter.7}
\BOOKMARK [1][-]{section.7.30}{R\351f\351rence du fichier arh\137menu.php}{chapter.7}
\BOOKMARK [1][-]{section.7.31}{R\351f\351rence du fichier arh\137sup.php}{chapter.7}
\BOOKMARK [1][-]{section.7.32}{R\351f\351rence du fichier assu\137a\137appeler.php}{chapter.7}
\BOOKMARK [1][-]{section.7.33}{R\351f\351rence du fichier batiment\137enregistre.php}{chapter.7}
\BOOKMARK [1][-]{section.7.34}{R\351f\351rence du fichier batiment\137saisie.php}{chapter.7}
\BOOKMARK [1][-]{section.7.35}{R\351f\351rence du fichier BD\137Connect.php}{chapter.7}
\BOOKMARK [1][-]{section.7.36}{R\351f\351rence du fichier bilan.php}{chapter.7}
\BOOKMARK [1][-]{section.7.37}{R\351f\351rence du fichier biotox\137carto.php}{chapter.7}
\BOOKMARK [1][-]{section.7.38}{R\351f\351rence du fichier biotox\137image.php}{chapter.7}
\BOOKMARK [1][-]{section.7.39}{R\351f\351rence du fichier biotox\137inventaire.php}{chapter.7}
\BOOKMARK [1][-]{section.7.40}{R\351f\351rence du fichier biotox\137inventaire\137enregistre.php}{chapter.7}
\BOOKMARK [1][-]{section.7.41}{R\351f\351rence du fichier biotox\137inventaire\137maj.php}{chapter.7}
\BOOKMARK [1][-]{section.7.42}{R\351f\351rence du fichier biotox\137inventaire\137menu.php}{chapter.7}
\BOOKMARK [1][-]{section.7.43}{R\351f\351rence du fichier biotox\137inventaire\137resultats.php}{chapter.7}
\BOOKMARK [1][-]{section.7.44}{R\351f\351rence du fichier biotox\137materiel.php}{chapter.7}
\BOOKMARK [1][-]{section.7.45}{R\351f\351rence du fichier biotox\137menu.php}{chapter.7}
\BOOKMARK [1][-]{section.7.46}{R\351f\351rence du fichier biotox\137utilitaires.php}{chapter.7}
\BOOKMARK [1][-]{section.7.47}{R\351f\351rence du fichier bloc\137note.php}{chapter.7}
\BOOKMARK [1][-]{section.7.48}{R\351f\351rence du fichier blocnote\137enregistre.php}{chapter.7}
\BOOKMARK [1][-]{section.7.49}{R\351f\351rence du fichier blocnote\137lire.php}{chapter.7}
\BOOKMARK [1][-]{section.7.50}{R\351f\351rence du fichier bolus.php}{chapter.7}
\BOOKMARK [1][-]{section.7.51}{R\351f\351rence du fichier carte\137lecteur.php}{chapter.7}
\BOOKMARK [1][-]{section.7.52}{R\351f\351rence du fichier carte\137secteurs.php}{chapter.7}
\BOOKMARK [1][-]{section.7.53}{R\351f\351rence du fichier carto\137base.php}{chapter.7}
\BOOKMARK [1][-]{section.7.54}{R\351f\351rence du fichier carto\137frameset.php}{chapter.7}
\BOOKMARK [1][-]{section.7.55}{R\351f\351rence du fichier carto\137head.php}{chapter.7}
\BOOKMARK [1][-]{section.7.56}{R\351f\351rence du fichier carto\137main.php}{chapter.7}
\BOOKMARK [1][-]{section.7.57}{R\351f\351rence du fichier carto\137menu.php}{chapter.7}
\BOOKMARK [1][-]{section.7.58}{R\351f\351rence du fichier carto\137utilitaires.php}{chapter.7}
\BOOKMARK [1][-]{section.7.59}{R\351f\351rence du fichier centaure.php}{chapter.7}
\BOOKMARK [1][-]{section.7.60}{R\351f\351rence du fichier centaure\137execute.php}{chapter.7}
\BOOKMARK [1][-]{section.7.61}{R\351f\351rence du fichier cherche\137moyen.php}{chapter.7}
\BOOKMARK [1][-]{section.7.62}{R\351f\351rence du fichier choix\137export\137table.php}{chapter.7}
\BOOKMARK [1][-]{section.7.63}{R\351f\351rence du fichier classe\137dessin.php}{chapter.7}
\BOOKMARK [1][-]{section.7.64}{R\351f\351rence du fichier classe\137stat.php}{chapter.7}
\BOOKMARK [1][-]{section.7.65}{R\351f\351rence du fichier cle\137create.php}{chapter.7}
\BOOKMARK [1][-]{section.7.66}{R\351f\351rence du fichier cle\137disponible.php}{chapter.7}
\BOOKMARK [1][-]{section.7.67}{R\351f\351rence du fichier cle\137exporte.php}{chapter.7}
\BOOKMARK [1][-]{section.7.68}{R\351f\351rence du fichier cle\137exporte\137execute.php}{chapter.7}
\BOOKMARK [1][-]{section.7.69}{R\351f\351rence du fichier cle\137importe.php}{chapter.7}
\BOOKMARK [1][-]{section.7.70}{R\351f\351rence du fichier cle\137importe\137execute.php}{chapter.7}
\BOOKMARK [1][-]{section.7.71}{R\351f\351rence du fichier cle\137menue.php}{chapter.7}
\BOOKMARK [1][-]{section.7.72}{R\351f\351rence du fichier cle\137supprime.php}{chapter.7}
\BOOKMARK [1][-]{section.7.73}{R\351f\351rence du fichier code\137barre.php}{chapter.7}
\BOOKMARK [1][-]{section.7.74}{R\351f\351rence du fichier code\137barre\137fabrique.php}{chapter.7}
\BOOKMARK [1][-]{section.7.75}{R\351f\351rence du fichier communes\137par\137secteur.php}{chapter.7}
\BOOKMARK [1][-]{section.7.76}{R\351f\351rence du fichier communes\137secteurs.php}{chapter.7}
\BOOKMARK [1][-]{section.7.77}{R\351f\351rence du fichier conditionnement.php}{chapter.7}
\BOOKMARK [1][-]{section.7.78}{R\351f\351rence du fichier connexion.php}{chapter.7}
\BOOKMARK [1][-]{section.7.79}{R\351f\351rence du fichier constantes.php}{chapter.7}
\BOOKMARK [1][-]{section.7.80}{R\351f\351rence du fichier constantes\137enregistre.php}{chapter.7}
\BOOKMARK [1][-]{section.7.81}{R\351f\351rence du fichier constantes\137enregistre2.php}{chapter.7}
\BOOKMARK [1][-]{section.7.82}{R\351f\351rence du fichier contact\137enregistre.php}{chapter.7}
\BOOKMARK [1][-]{section.7.83}{R\351f\351rence du fichier contact\137main.php}{chapter.7}
\BOOKMARK [1][-]{section.7.84}{R\351f\351rence du fichier contact\137saisie.php}{chapter.7}
\BOOKMARK [1][-]{section.7.85}{R\351f\351rence du fichier contact\137supprime.php}{chapter.7}
\BOOKMARK [1][-]{section.7.86}{R\351f\351rence du fichier conteneur\137liste.php}{chapter.7}
\BOOKMARK [1][-]{section.7.87}{R\351f\351rence du fichier controle\137acces.php}{chapter.7}
\BOOKMARK [1][-]{section.7.88}{R\351f\351rence du fichier courier.php}{chapter.7}
\BOOKMARK [1][-]{section.7.89}{R\351f\351rence du fichier create\137xml.php}{chapter.7}
\BOOKMARK [1][-]{section.7.90}{R\351f\351rence du fichier cree\137dossier.php}{chapter.7}
\BOOKMARK [1][-]{section.7.91}{R\351f\351rence du fichier cree\137psm.php}{chapter.7}
\BOOKMARK [1][-]{section.7.92}{R\351f\351rence du fichier cron.php}{chapter.7}
\BOOKMARK [1][-]{section.7.93}{R\351f\351rence du fichier cron\137enregistre.php}{chapter.7}
\BOOKMARK [1][-]{section.7.94}{R\351f\351rence du fichier cron\137reglage.php}{chapter.7}
\BOOKMARK [1][-]{section.7.95}{R\351f\351rence du fichier cryptage\137gpg.php}{chapter.7}
\BOOKMARK [1][-]{section.7.96}{R\351f\351rence du fichier date.php}{chapter.7}
\BOOKMARK [1][-]{section.7.97}{R\351f\351rence du fichier DCI\137enregistre.php}{chapter.7}
\BOOKMARK [1][-]{section.7.98}{R\351f\351rence du fichier deces.php}{chapter.7}
\BOOKMARK [1][-]{section.7.99}{R\351f\351rence du fichier deces\137enregistre.php}{chapter.7}
\BOOKMARK [1][-]{section.7.100}{R\351f\351rence du fichier deces\137liste.php}{chapter.7}
\BOOKMARK [1][-]{section.7.101}{R\351f\351rence du fichier deces\137sup.php}{chapter.7}
\BOOKMARK [1][-]{section.7.102}{R\351f\351rence du fichier direct.php}{chapter.7}
\BOOKMARK [1][-]{section.7.103}{R\351f\351rence du fichier distance.php}{chapter.7}
\BOOKMARK [1][-]{section.7.104}{R\351f\351rence du fichier documents.php}{chapter.7}
\BOOKMARK [1][-]{section.7.105}{R\351f\351rence du fichier dossier\137enregistre.php}{chapter.7}
\BOOKMARK [1][-]{section.7.106}{R\351f\351rence du fichier dossier\137frameset.php}{chapter.7}
\BOOKMARK [1][-]{section.7.107}{R\351f\351rence du fichier dossier\137med.php}{chapter.7}
\BOOKMARK [1][-]{section.7.108}{R\351f\351rence du fichier dossier\137menu.php}{chapter.7}
\BOOKMARK [1][-]{section.7.109}{R\351f\351rence du fichier dossier\137sup.php}{chapter.7}
\BOOKMARK [1][-]{section.7.110}{R\351f\351rence du fichier download.php}{chapter.7}
\BOOKMARK [1][-]{section.7.111}{R\351f\351rence du fichier download2.php}{chapter.7}
\BOOKMARK [1][-]{section.7.112}{R\351f\351rence du fichier en\137construction.php}{chapter.7}
\BOOKMARK [1][-]{section.7.113}{R\351f\351rence du fichier en\137tete.php}{chapter.7}
\BOOKMARK [1][-]{section.7.114}{R\351f\351rence du fichier enregistre\137garde\137cus.php}{chapter.7}
\BOOKMARK [1][-]{section.7.115}{R\351f\351rence du fichier enregistre\137victime.php}{chapter.7}
\BOOKMARK [1][-]{section.7.116}{R\351f\351rence du fichier entete.php}{chapter.7}
\BOOKMARK [1][-]{section.7.117}{R\351f\351rence du fichier evenement\137courant.php}{chapter.7}
\BOOKMARK [1][-]{section.7.118}{R\351f\351rence du fichier evenement\137enregistre.php}{chapter.7}
\BOOKMARK [1][-]{section.7.119}{R\351f\351rence du fichier evenement\137entete.php}{chapter.7}
\BOOKMARK [1][-]{section.7.120}{R\351f\351rence du fichier evenement\137fin.php}{chapter.7}
\BOOKMARK [1][-]{section.7.121}{R\351f\351rence du fichier evenement\137frameset.php}{chapter.7}
\BOOKMARK [1][-]{section.7.122}{R\351f\351rence du fichier evenement\137menu.php}{chapter.7}
\BOOKMARK [1][-]{section.7.123}{R\351f\351rence du fichier evenement\137nouveau.php}{chapter.7}
\BOOKMARK [1][-]{section.7.124}{R\351f\351rence du fichier evenement\137plan.php}{chapter.7}
\BOOKMARK [1][-]{section.7.125}{R\351f\351rence du fichier explications.php}{chapter.7}
\BOOKMARK [1][-]{section.7.126}{R\351f\351rence du fichier export\137fichier\137sagec.php}{chapter.7}
\BOOKMARK [1][-]{section.7.127}{R\351f\351rence du fichier export\137fichier\137sagec\137execute.php}{chapter.7}
\BOOKMARK [1][-]{section.7.128}{R\351f\351rence du fichier export\137table.php}{chapter.7}
\BOOKMARK [1][-]{section.7.129}{R\351f\351rence du fichier fermeture\137locale.php}{chapter.7}
\BOOKMARK [1][-]{section.7.130}{R\351f\351rence du fichier fermeture\137regionale.php}{chapter.7}
\BOOKMARK [1][-]{section.7.131}{R\351f\351rence du fichier feuille\137soins.php}{chapter.7}
\BOOKMARK [1][-]{section.7.132}{R\351f\351rence du fichier feuille\137soins2.php}{chapter.7}
\BOOKMARK [1][-]{section.7.133}{R\351f\351rence du fichier fichier\137analyses.php}{chapter.7}
\BOOKMARK [1][-]{section.7.134}{R\351f\351rence du fichier fichier\137en\137table.php}{chapter.7}
\BOOKMARK [1][-]{section.7.135}{R\351f\351rence du fichier fichier\137en\137table\137execute.php}{chapter.7}
\BOOKMARK [1][-]{section.7.136}{R\351f\351rence du fichier formate.php}{chapter.7}
\BOOKMARK [1][-]{section.7.137}{R\351f\351rence du fichier fournisseur\137enregistre.php}{chapter.7}
\BOOKMARK [1][-]{section.7.138}{R\351f\351rence du fichier fournisseur\137nouveau.php}{chapter.7}
\BOOKMARK [1][-]{section.7.139}{R\351f\351rence du fichier fpdf.php}{chapter.7}
\BOOKMARK [1][-]{section.7.140}{R\351f\351rence du fichier fpdf.php}{chapter.7}
\BOOKMARK [1][-]{section.7.141}{R\351f\351rence du fichier frame\137sup.php}{chapter.7}
\BOOKMARK [1][-]{section.7.142}{R\351f\351rence du fichier garde\137assu\137cus.php}{chapter.7}
\BOOKMARK [1][-]{section.7.143}{R\351f\351rence du fichier garde\137frameset.php}{chapter.7}
\BOOKMARK [1][-]{section.7.144}{R\351f\351rence du fichier gestion\137des\137intervenants.php}{chapter.7}
\BOOKMARK [1][-]{section.7.145}{R\351f\351rence du fichier gestion\137des\137lits.php}{chapter.7}
\BOOKMARK [1][-]{section.7.146}{R\351f\351rence du fichier gestion\137des\137victimes.php}{chapter.7}
\BOOKMARK [1][-]{section.7.147}{R\351f\351rence du fichier gis\137frameset.php}{chapter.7}
\BOOKMARK [1][-]{section.7.148}{R\351f\351rence du fichier gis\137menu.php}{chapter.7}
\BOOKMARK [1][-]{section.7.149}{R\351f\351rence du fichier gis\137sup.php}{chapter.7}
\BOOKMARK [1][-]{section.7.150}{R\351f\351rence du fichier globals\137string\137lang.php}{chapter.7}
\BOOKMARK [1][-]{section.7.151}{R\351f\351rence du fichier gnuPG\137class.inc}{chapter.7}
\BOOKMARK [1][-]{section.7.152}{R\351f\351rence du fichier gnuPG\137example.php}{chapter.7}
\BOOKMARK [1][-]{section.7.153}{R\351f\351rence du fichier gpg.php}{chapter.7}
\BOOKMARK [1][-]{section.7.154}{R\351f\351rence du fichier gpg\137encrypt.php}{chapter.7}
\BOOKMARK [1][-]{section.7.155}{R\351f\351rence du fichier graphe\137data.php}{chapter.7}
\BOOKMARK [1][-]{section.7.156}{R\351f\351rence du fichier graphe\137lits.php}{chapter.7}
\BOOKMARK [1][-]{section.7.157}{R\351f\351rence du fichier graphe\137pdf.php}{chapter.7}
\BOOKMARK [1][-]{section.7.158}{R\351f\351rence du fichier graphe\137veille\137samu.php}{chapter.7}
\BOOKMARK [1][-]{section.7.159}{R\351f\351rence du fichier have.php}{chapter.7}
\BOOKMARK [1][-]{section.7.160}{R\351f\351rence du fichier helvetica.php}{chapter.7}
\BOOKMARK [1][-]{section.7.161}{R\351f\351rence du fichier helveticab.php}{chapter.7}
\BOOKMARK [1][-]{section.7.162}{R\351f\351rence du fichier helveticabi.php}{chapter.7}
\BOOKMARK [1][-]{section.7.163}{R\351f\351rence du fichier helveticai.php}{chapter.7}
\BOOKMARK [1][-]{section.7.164}{R\351f\351rence du fichier hop2service.php}{chapter.7}
\BOOKMARK [1][-]{section.7.165}{R\351f\351rence du fichier hop\137maj.php}{chapter.7}
\BOOKMARK [1][-]{section.7.166}{R\351f\351rence du fichier hop\137synoptique.php}{chapter.7}
\BOOKMARK [1][-]{section.7.167}{R\351f\351rence du fichier hopital.php}{chapter.7}
\BOOKMARK [1][-]{section.7.168}{R\351f\351rence du fichier hopital\137enregistre.php}{chapter.7}
\BOOKMARK [1][-]{section.7.169}{R\351f\351rence du fichier hopital\137lits.php}{chapter.7}
\BOOKMARK [1][-]{section.7.170}{R\351f\351rence du fichier hopital\137start.php}{chapter.7}
\BOOKMARK [1][-]{section.7.171}{R\351f\351rence du fichier html.php}{chapter.7}
\BOOKMARK [1][-]{section.7.172}{R\351f\351rence du fichier html.php}{chapter.7}
\BOOKMARK [1][-]{section.7.173}{R\351f\351rence du fichier identite.php}{chapter.7}
\BOOKMARK [1][-]{section.7.174}{R\351f\351rence du fichier imprime\137dass.php}{chapter.7}
\BOOKMARK [1][-]{section.7.175}{R\351f\351rence du fichier index.php}{chapter.7}
\BOOKMARK [1][-]{section.7.176}{R\351f\351rence du fichier init.php}{chapter.7}
\BOOKMARK [1][-]{section.7.177}{R\351f\351rence du fichier interrogeBD.php}{chapter.7}
\BOOKMARK [1][-]{section.7.178}{R\351f\351rence du fichier intervenant\137enregistre.php}{chapter.7}
\BOOKMARK [1][-]{section.7.179}{R\351f\351rence du fichier intervenant\137info.php}{chapter.7}
\BOOKMARK [1][-]{section.7.180}{R\351f\351rence du fichier intervenant\137maj.php}{chapter.7}
\BOOKMARK [1][-]{section.7.181}{R\351f\351rence du fichier intervenant\137modifier.php}{chapter.7}
\BOOKMARK [1][-]{section.7.182}{R\351f\351rence du fichier intervenant\137saisie.php}{chapter.7}
\BOOKMARK [1][-]{section.7.183}{R\351f\351rence du fichier intervenants.php}{chapter.7}
\BOOKMARK [1][-]{section.7.184}{R\351f\351rence du fichier intervenants\137menu.php}{chapter.7}
\BOOKMARK [1][-]{section.7.185}{R\351f\351rence du fichier intervenants\137org.php}{chapter.7}
\BOOKMARK [1][-]{section.7.186}{R\351f\351rence du fichier intervenants\137selection.php}{chapter.7}
\BOOKMARK [1][-]{section.7.187}{R\351f\351rence du fichier intervenants\137synoptique.php}{chapter.7}
\BOOKMARK [1][-]{section.7.188}{R\351f\351rence du fichier ita\137saisie.php}{chapter.7}
\BOOKMARK [1][-]{section.7.189}{R\351f\351rence du fichier IXR\137Library.inc.php}{chapter.7}
\BOOKMARK [1][-]{section.7.190}{R\351f\351rence du fichier langue.php}{chapter.7}
\BOOKMARK [1][-]{section.7.191}{R\351f\351rence du fichier langue\137enregistre.php}{chapter.7}
\BOOKMARK [1][-]{section.7.192}{R\351f\351rence du fichier langue\137saisie.php}{chapter.7}
\BOOKMARK [1][-]{section.7.193}{R\351f\351rence du fichier langue\137supprime.php}{chapter.7}
\BOOKMARK [1][-]{section.7.194}{R\351f\351rence du fichier libmail.php}{chapter.7}
\BOOKMARK [1][-]{section.7.195}{R\351f\351rence du fichier liredata.php}{chapter.7}
\BOOKMARK [1][-]{section.7.196}{R\351f\351rence du fichier liste\137taches.php}{chapter.7}
\BOOKMARK [1][-]{section.7.197}{R\351f\351rence du fichier liste\137victime.php}{chapter.7}
\BOOKMARK [1][-]{section.7.198}{R\351f\351rence du fichier liste\137victimes.php}{chapter.7}
\BOOKMARK [1][-]{section.7.199}{R\351f\351rence du fichier lits\137dispo.php}{chapter.7}
\BOOKMARK [1][-]{section.7.200}{R\351f\351rence du fichier lits\137disponibles.php}{chapter.7}
\BOOKMARK [1][-]{section.7.201}{R\351f\351rence du fichier lits\137fermes\137enregistre.php}{chapter.7}
\BOOKMARK [1][-]{section.7.202}{R\351f\351rence du fichier lits\137fermes\137nouveau.php}{chapter.7}
\BOOKMARK [1][-]{section.7.203}{R\351f\351rence du fichier lits\137fermes\137voir.php}{chapter.7}
\BOOKMARK [1][-]{section.7.204}{R\351f\351rence du fichier lits\137hopitaux\137maj.php}{chapter.7}
\BOOKMARK [1][-]{section.7.205}{R\351f\351rence du fichier lits\137hopitaux\137table.php}{chapter.7}
\BOOKMARK [1][-]{section.7.206}{R\351f\351rence du fichier lits\137maj.php}{chapter.7}
\BOOKMARK [1][-]{section.7.207}{R\351f\351rence du fichier lits\137service.php}{chapter.7}
\BOOKMARK [1][-]{section.7.208}{R\351f\351rence du fichier lits\137service\137old.php}{chapter.7}
\BOOKMARK [1][-]{section.7.209}{R\351f\351rence du fichier lits\137synoptique.php}{chapter.7}
\BOOKMARK [1][-]{section.7.210}{R\351f\351rence du fichier lits\137table.php}{chapter.7}
\BOOKMARK [1][-]{section.7.211}{R\351f\351rence du fichier local\137enregistre.php}{chapter.7}
\BOOKMARK [1][-]{section.7.212}{R\351f\351rence du fichier local\137saisie.php}{chapter.7}
\BOOKMARK [1][-]{section.7.213}{R\351f\351rence du fichier login2.php}{chapter.7}
\BOOKMARK [1][-]{section.7.214}{R\351f\351rence du fichier LogonDMV.php}{chapter.7}
\BOOKMARK [1][-]{section.7.215}{R\351f\351rence du fichier logout.php}{chapter.7}
\BOOKMARK [1][-]{section.7.216}{R\351f\351rence du fichier lot\137enregistre.php}{chapter.7}
\BOOKMARK [1][-]{section.7.217}{R\351f\351rence du fichier mail.php}{chapter.7}
\BOOKMARK [1][-]{section.7.218}{R\351f\351rence du fichier makefont.php}{chapter.7}
\BOOKMARK [1][-]{section.7.219}{R\351f\351rence du fichier materiel\137enregistre.php}{chapter.7}
\BOOKMARK [1][-]{section.7.220}{R\351f\351rence du fichier materiel\137nouveau.php}{chapter.7}
\BOOKMARK [1][-]{section.7.221}{R\351f\351rence du fichier materiel\137utilitaires.php}{chapter.7}
\BOOKMARK [1][-]{section.7.222}{R\351f\351rence du fichier MED\137enregistre.php}{chapter.7}
\BOOKMARK [1][-]{section.7.223}{R\351f\351rence du fichier med\137liste.php}{chapter.7}
\BOOKMARK [1][-]{section.7.224}{R\351f\351rence du fichier medicament\137enregistre.php}{chapter.7}
\BOOKMARK [1][-]{section.7.225}{R\351f\351rence du fichier medicament\137fiche.php}{chapter.7}
\BOOKMARK [1][-]{section.7.226}{R\351f\351rence du fichier medicament\137liste.php}{chapter.7}
\BOOKMARK [1][-]{section.7.227}{R\351f\351rence du fichier medicament\137lot.php}{chapter.7}
\BOOKMARK [1][-]{section.7.228}{R\351f\351rence du fichier menu\137carte.php}{chapter.7}
\BOOKMARK [1][-]{section.7.229}{R\351f\351rence du fichier menu\137gestion\137lits.php}{chapter.7}
\BOOKMARK [1][-]{section.7.230}{R\351f\351rence du fichier menu\137hopital.php}{chapter.7}
\BOOKMARK [1][-]{section.7.231}{R\351f\351rence du fichier menu\137sagec.php}{chapter.7}
\BOOKMARK [1][-]{section.7.232}{R\351f\351rence du fichier modifier\137lits.php}{chapter.7}
\BOOKMARK [1][-]{section.7.233}{R\351f\351rence du fichier moyens\137commune.php}{chapter.7}
\BOOKMARK [1][-]{section.7.234}{R\351f\351rence du fichier moyens\137commune\137menu.php}{chapter.7}
\BOOKMARK [1][-]{section.7.235}{R\351f\351rence du fichier mycalendar.php}{chapter.7}
\BOOKMARK [1][-]{section.7.236}{R\351f\351rence du fichier mycalendar2.php}{chapter.7}
\BOOKMARK [1][-]{section.7.237}{R\351f\351rence du fichier new\137password.php}{chapter.7}
\BOOKMARK [1][-]{section.7.238}{R\351f\351rence du fichier nouveau.php}{chapter.7}
\BOOKMARK [1][-]{section.7.239}{R\351f\351rence du fichier org2hopital.php}{chapter.7}
\BOOKMARK [1][-]{section.7.240}{R\351f\351rence du fichier organisme\137enregistre.php}{chapter.7}
\BOOKMARK [1][-]{section.7.241}{R\351f\351rence du fichier organisme\137maj.php}{chapter.7}
\BOOKMARK [1][-]{section.7.242}{R\351f\351rence du fichier organisme\137saisie.php}{chapter.7}
\BOOKMARK [1][-]{section.7.243}{R\351f\351rence du fichier pass\137modifie.php}{chapter.7}
\BOOKMARK [1][-]{section.7.244}{R\351f\351rence du fichier passage\137sau\137enregistre.php}{chapter.7}
\BOOKMARK [1][-]{section.7.245}{R\351f\351rence du fichier passage\137sau\137liste.php}{chapter.7}
\BOOKMARK [1][-]{section.7.246}{R\351f\351rence du fichier passage\137sau\137sup.php}{chapter.7}
\BOOKMARK [1][-]{section.7.247}{R\351f\351rence du fichier passages\137sau.php}{chapter.7}
\BOOKMARK [1][-]{section.7.248}{R\351f\351rence du fichier passeport.php}{chapter.7}
\BOOKMARK [1][-]{section.7.249}{R\351f\351rence du fichier pays.php}{chapter.7}
\BOOKMARK [1][-]{section.7.250}{R\351f\351rence du fichier pharmacie\137frameset.php}{chapter.7}
\BOOKMARK [1][-]{section.7.251}{R\351f\351rence du fichier pharmacie\137menu.php}{chapter.7}
\BOOKMARK [1][-]{section.7.252}{R\351f\351rence du fichier pharmacie\137sup.php}{chapter.7}
\BOOKMARK [1][-]{section.7.253}{R\351f\351rence du fichier plan\137enregistre.php}{chapter.7}
\BOOKMARK [1][-]{section.7.254}{R\351f\351rence du fichier pma\137connect.php}{chapter.7}
\BOOKMARK [1][-]{section.7.255}{R\351f\351rence du fichier pma\137connexion.php}{chapter.7}
\BOOKMARK [1][-]{section.7.256}{R\351f\351rence du fichier pma\137constantes.php}{chapter.7}
\BOOKMARK [1][-]{section.7.257}{R\351f\351rence du fichier pma\137requete.php}{chapter.7}
\BOOKMARK [1][-]{section.7.258}{R\351f\351rence du fichier quelle\137date.php}{chapter.7}
\BOOKMARK [1][-]{section.7.259}{R\351f\351rence du fichier quelle\137date.php}{chapter.7}
\BOOKMARK [1][-]{section.7.260}{R\351f\351rence du fichier quelle\137date2.php}{chapter.7}
\BOOKMARK [1][-]{section.7.261}{R\351f\351rence du fichier recherche\137produit.php}{chapter.7}
\BOOKMARK [1][-]{section.7.262}{R\351f\351rence du fichier recueil\137quotidien.php}{chapter.7}
\BOOKMARK [1][-]{section.7.263}{R\351f\351rence du fichier reporting\137choix.php}{chapter.7}
\BOOKMARK [1][-]{section.7.264}{R\351f\351rence du fichier reporting\137graphe.php}{chapter.7}
\BOOKMARK [1][-]{section.7.265}{R\351f\351rence du fichier requete.php}{chapter.7}
\BOOKMARK [1][-]{section.7.266}{R\351f\351rence du fichier requete.php}{chapter.7}
\BOOKMARK [1][-]{section.7.267}{R\351f\351rence du fichier requete\137frame.php}{chapter.7}
\BOOKMARK [1][-]{section.7.268}{R\351f\351rence du fichier requete\137sup.php}{chapter.7}
\BOOKMARK [1][-]{section.7.269}{R\351f\351rence du fichier resetPMA.php}{chapter.7}
\BOOKMARK [1][-]{section.7.270}{R\351f\351rence du fichier resultat.php}{chapter.7}
\BOOKMARK [1][-]{section.7.271}{R\351f\351rence du fichier resume.php}{chapter.7}
\BOOKMARK [1][-]{section.7.272}{R\351f\351rence du fichier sagec67.php}{chapter.7}
\BOOKMARK [1][-]{section.7.273}{R\351f\351rence du fichier sagec\137ftp.php}{chapter.7}
\BOOKMARK [1][-]{section.7.274}{R\351f\351rence du fichier sagec\137version.php}{chapter.7}
\BOOKMARK [1][-]{section.7.275}{R\351f\351rence du fichier saisie\137rapide.php}{chapter.7}
\BOOKMARK [1][-]{section.7.276}{R\351f\351rence du fichier samu\137menu.php}{chapter.7}
\BOOKMARK [1][-]{section.7.277}{R\351f\351rence du fichier sauvegarde.php}{chapter.7}
\BOOKMARK [1][-]{section.7.278}{R\351f\351rence du fichier sauvegarde\137table.php}{chapter.7}
\BOOKMARK [1][-]{section.7.279}{R\351f\351rence du fichier secteurs\137synoptique.php}{chapter.7}
\BOOKMARK [1][-]{section.7.280}{R\351f\351rence du fichier serveur.php}{chapter.7}
\BOOKMARK [1][-]{section.7.281}{R\351f\351rence du fichier service\137besoin\137materiel.php}{chapter.7}
\BOOKMARK [1][-]{section.7.282}{R\351f\351rence du fichier service\137besoin\137personnel.php}{chapter.7}
\BOOKMARK [1][-]{section.7.283}{R\351f\351rence du fichier service\137bloc\137note.php}{chapter.7}
\BOOKMARK [1][-]{section.7.284}{R\351f\351rence du fichier service\137BN\137enregistre.php}{chapter.7}
\BOOKMARK [1][-]{section.7.285}{R\351f\351rence du fichier service\137BN\137lire.php}{chapter.7}
\BOOKMARK [1][-]{section.7.286}{R\351f\351rence du fichier service\137degats.php}{chapter.7}
\BOOKMARK [1][-]{section.7.287}{R\351f\351rence du fichier service\137enregistre.php}{chapter.7}
\BOOKMARK [1][-]{section.7.288}{R\351f\351rence du fichier service\137entete.php}{chapter.7}
\BOOKMARK [1][-]{section.7.289}{R\351f\351rence du fichier service\137execute.php}{chapter.7}
\BOOKMARK [1][-]{section.7.290}{R\351f\351rence du fichier service\137fermeture.php}{chapter.7}
\BOOKMARK [1][-]{section.7.291}{R\351f\351rence du fichier service\137frameset.php}{chapter.7}
\BOOKMARK [1][-]{section.7.292}{R\351f\351rence du fichier service\137head.php}{chapter.7}
\BOOKMARK [1][-]{section.7.293}{R\351f\351rence du fichier service\137info.php}{chapter.7}
\BOOKMARK [1][-]{section.7.294}{R\351f\351rence du fichier service\137liste.php}{chapter.7}
\BOOKMARK [1][-]{section.7.295}{R\351f\351rence du fichier service\137lits.php}{chapter.7}
\BOOKMARK [1][-]{section.7.296}{R\351f\351rence du fichier service\137maj.php}{chapter.7}
\BOOKMARK [1][-]{section.7.297}{R\351f\351rence du fichier service\137memorise.php}{chapter.7}
\BOOKMARK [1][-]{section.7.298}{R\351f\351rence du fichier service\137menu.php}{chapter.7}
\BOOKMARK [1][-]{section.7.299}{R\351f\351rence du fichier service\137modifie.php}{chapter.7}
\BOOKMARK [1][-]{section.7.300}{R\351f\351rence du fichier service\137personnel.php}{chapter.7}
\BOOKMARK [1][-]{section.7.301}{R\351f\351rence du fichier service\137pret\137materiel.php}{chapter.7}
\BOOKMARK [1][-]{section.7.302}{R\351f\351rence du fichier service\137pret\137personnel.php}{chapter.7}
\BOOKMARK [1][-]{section.7.303}{R\351f\351rence du fichier service\137saisie.php}{chapter.7}
\BOOKMARK [1][-]{section.7.304}{R\351f\351rence du fichier service\137supprime.php}{chapter.7}
\BOOKMARK [1][-]{section.7.305}{R\351f\351rence du fichier service\137synoptique.php}{chapter.7}
\BOOKMARK [1][-]{section.7.306}{R\351f\351rence du fichier service\137table.php}{chapter.7}
\BOOKMARK [1][-]{section.7.307}{R\351f\351rence du fichier services.php}{chapter.7}
\BOOKMARK [1][-]{section.7.308}{R\351f\351rence du fichier services\137utilitaires.php}{chapter.7}
\BOOKMARK [1][-]{section.7.309}{R\351f\351rence du fichier session.php}{chapter.7}
\BOOKMARK [1][-]{section.7.310}{R\351f\351rence du fichier sous\137tache.php}{chapter.7}
\BOOKMARK [1][-]{section.7.311}{R\351f\351rence du fichier stack.php}{chapter.7}
\BOOKMARK [1][-]{section.7.312}{R\351f\351rence du fichier stat\137connexion.php}{chapter.7}
\BOOKMARK [1][-]{section.7.313}{R\351f\351rence du fichier stock\137frameset.php}{chapter.7}
\BOOKMARK [1][-]{section.7.314}{R\351f\351rence du fichier stock\137gauche.php}{chapter.7}
\BOOKMARK [1][-]{section.7.315}{R\351f\351rence du fichier stock\137head.php}{chapter.7}
\BOOKMARK [1][-]{section.7.316}{R\351f\351rence du fichier stock\137saisie.php}{chapter.7}
\BOOKMARK [1][-]{section.7.317}{R\351f\351rence du fichier stockage\137enregistre.php}{chapter.7}
\BOOKMARK [1][-]{section.7.318}{R\351f\351rence du fichier stockage\137liste.php}{chapter.7}
\BOOKMARK [1][-]{section.7.319}{R\351f\351rence du fichier stockage\137saisie.php}{chapter.7}
\BOOKMARK [1][-]{section.7.320}{R\351f\351rence du fichier structure\137temp.php}{chapter.7}
\BOOKMARK [1][-]{section.7.321}{R\351f\351rence du fichier superviseur\137lits.php}{chapter.7}
\BOOKMARK [1][-]{section.7.322}{R\351f\351rence du fichier superviseur\137service.php}{chapter.7}
\BOOKMARK [1][-]{section.7.323}{R\351f\351rence du fichier superviseur\137synoptique.php}{chapter.7}
\BOOKMARK [1][-]{section.7.324}{R\351f\351rence du fichier symbol.php}{chapter.7}
\BOOKMARK [1][-]{section.7.325}{R\351f\351rence du fichier synoptique\137frame.php}{chapter.7}
\BOOKMARK [1][-]{section.7.326}{R\351f\351rence du fichier synoptique\137home.php}{chapter.7}
\BOOKMARK [1][-]{section.7.327}{R\351f\351rence du fichier synoptique\137menu.php}{chapter.7}
\BOOKMARK [1][-]{section.7.328}{R\351f\351rence du fichier synoptique\137sup.php}{chapter.7}
\BOOKMARK [1][-]{section.7.329}{R\351f\351rence du fichier synoptique\137tendances.php}{chapter.7}
\BOOKMARK [1][-]{section.7.330}{R\351f\351rence du fichier table.php}{chapter.7}
\BOOKMARK [1][-]{section.7.331}{R\351f\351rence du fichier tache\137enregistre.php}{chapter.7}
\BOOKMARK [1][-]{section.7.332}{R\351f\351rence du fichier tache\137frameset.php}{chapter.7}
\BOOKMARK [1][-]{section.7.333}{R\351f\351rence du fichier tache\137principale.php}{chapter.7}
\BOOKMARK [1][-]{section.7.334}{R\351f\351rence du fichier test.php}{chapter.7}
\BOOKMARK [1][-]{section.7.335}{R\351f\351rence du fichier test.php}{chapter.7}
\BOOKMARK [1][-]{section.7.336}{R\351f\351rence du fichier test.php}{chapter.7}
\BOOKMARK [1][-]{section.7.337}{R\351f\351rence du fichier test.php}{chapter.7}
\BOOKMARK [1][-]{section.7.338}{R\351f\351rence du fichier teste\137rea.php}{chapter.7}
\BOOKMARK [1][-]{section.7.339}{R\351f\351rence du fichier times.php}{chapter.7}
\BOOKMARK [1][-]{section.7.340}{R\351f\351rence du fichier timesb.php}{chapter.7}
\BOOKMARK [1][-]{section.7.341}{R\351f\351rence du fichier timesbi.php}{chapter.7}
\BOOKMARK [1][-]{section.7.342}{R\351f\351rence du fichier timesi.php}{chapter.7}
\BOOKMARK [1][-]{section.7.343}{R\351f\351rence du fichier tools\137db\137common.php}{chapter.7}
\BOOKMARK [1][-]{section.7.344}{R\351f\351rence du fichier tools\137db\137globals\137nls.php}{chapter.7}
\BOOKMARK [1][-]{section.7.345}{R\351f\351rence du fichier tourDeRole\137affiche.php}{chapter.7}
\BOOKMARK [1][-]{section.7.346}{R\351f\351rence du fichier tourDeRole\137cus.php}{chapter.7}
\BOOKMARK [1][-]{section.7.347}{R\351f\351rence du fichier tourDeRole\137enregistre.php}{chapter.7}
\BOOKMARK [1][-]{section.7.348}{R\351f\351rence du fichier tourDeRole\137frameset.php}{chapter.7}
\BOOKMARK [1][-]{section.7.349}{R\351f\351rence du fichier tourDeRole\137maj.php}{chapter.7}
\BOOKMARK [1][-]{section.7.350}{R\351f\351rence du fichier tourDeRole\137menu.php}{chapter.7}
\BOOKMARK [1][-]{section.7.351}{R\351f\351rence du fichier tourDeRole\137modifie.php}{chapter.7}
\BOOKMARK [1][-]{section.7.352}{R\351f\351rence du fichier transmission\137dass.php}{chapter.7}
\BOOKMARK [1][-]{section.7.353}{R\351f\351rence du fichier utilisateurs\137ajout.php}{chapter.7}
\BOOKMARK [1][-]{section.7.354}{R\351f\351rence du fichier utilisateurs\137enregistre.php}{chapter.7}
\BOOKMARK [1][-]{section.7.355}{R\351f\351rence du fichier utilisateurs\137liste.php}{chapter.7}
\BOOKMARK [1][-]{section.7.356}{R\351f\351rence du fichier utilisateurs\137menu.php}{chapter.7}
\BOOKMARK [1][-]{section.7.357}{R\351f\351rence du fichier utilitaire\137cron.php}{chapter.7}
\BOOKMARK [1][-]{section.7.358}{R\351f\351rence du fichier utilitaire\137tr.php}{chapter.7}
\BOOKMARK [1][-]{section.7.359}{R\351f\351rence du fichier utilitaire\137upload.php}{chapter.7}
\BOOKMARK [1][-]{section.7.360}{R\351f\351rence du fichier utilitaires\137dessin.php}{chapter.7}
\BOOKMARK [1][-]{section.7.361}{R\351f\351rence du fichier utilitaires\137MED.php}{chapter.7}
\BOOKMARK [1][-]{section.7.362}{R\351f\351rence du fichier utilitaires\137table.php}{chapter.7}
\BOOKMARK [1][-]{section.7.363}{R\351f\351rence du fichier utilitairesHTML.php}{chapter.7}
\BOOKMARK [1][-]{section.7.364}{R\351f\351rence du fichier vecteur\137dispo.php}{chapter.7}
\BOOKMARK [1][-]{section.7.365}{R\351f\351rence du fichier vecteur\137engage.php}{chapter.7}
\BOOKMARK [1][-]{section.7.366}{R\351f\351rence du fichier vecteur\137enregistre.php}{chapter.7}
\BOOKMARK [1][-]{section.7.367}{R\351f\351rence du fichier vecteur\137enregistre2.php}{chapter.7}
\BOOKMARK [1][-]{section.7.368}{R\351f\351rence du fichier vecteur\137head.php}{chapter.7}
\BOOKMARK [1][-]{section.7.369}{R\351f\351rence du fichier vecteur\137liste.php}{chapter.7}
\BOOKMARK [1][-]{section.7.370}{R\351f\351rence du fichier vecteur\137saisie.php}{chapter.7}
\BOOKMARK [1][-]{section.7.371}{R\351f\351rence du fichier vecteurs\137maj.php}{chapter.7}
\BOOKMARK [1][-]{section.7.372}{R\351f\351rence du fichier vecteurs\137menu.php}{chapter.7}
\BOOKMARK [1][-]{section.7.373}{R\351f\351rence du fichier vecteurs\137selection.php}{chapter.7}
\BOOKMARK [1][-]{section.7.374}{R\351f\351rence du fichier veille.php}{chapter.7}
\BOOKMARK [1][-]{section.7.375}{R\351f\351rence du fichier veille\137enregistre.php}{chapter.7}
\BOOKMARK [1][-]{section.7.376}{R\351f\351rence du fichier veille\137frameset.php}{chapter.7}
\BOOKMARK [1][-]{section.7.377}{R\351f\351rence du fichier veille\137liste.php}{chapter.7}
\BOOKMARK [1][-]{section.7.378}{R\351f\351rence du fichier veille\137menu.php}{chapter.7}
\BOOKMARK [1][-]{section.7.379}{R\351f\351rence du fichier veille\137sup.php}{chapter.7}
\BOOKMARK [1][-]{section.7.380}{R\351f\351rence du fichier victimes\137saisie.php}{chapter.7}
\BOOKMARK [1][-]{section.7.381}{R\351f\351rence du fichier ville\137enregistre.php}{chapter.7}
\BOOKMARK [1][-]{section.7.382}{R\351f\351rence du fichier ville\137frameset.php}{chapter.7}
\BOOKMARK [1][-]{section.7.383}{R\351f\351rence du fichier ville\137head.php}{chapter.7}
\BOOKMARK [1][-]{section.7.384}{R\351f\351rence du fichier ville\137liste.php}{chapter.7}
\BOOKMARK [1][-]{section.7.385}{R\351f\351rence du fichier ville\137saisie.php}{chapter.7}
\BOOKMARK [1][-]{section.7.386}{R\351f\351rence du fichier zapfdingbats.php}{chapter.7}
\BOOKMARK [1][-]{section.7.387}{R\351f\351rence du fichier zone.php}{chapter.7}
